{"level":"info","message":"Enter the username and password..","service":"Team6_Playwright_Dietician_Hackathon","timestamp":"2026-03-23 21:03:26"}
{"level":"info","message":"Clicks the login..","service":"Team6_Playwright_Dietician_Hackathon","timestamp":"2026-03-23 21:03:26"}
{"level":"info","message":"Lands in dashboard page...","service":"Team6_Playwright_Dietician_Hackathon","timestamp":"2026-03-23 21:03:26"}
{"level":"info","message":"Enter the username and password..","service":"Team6_Playwright_Dietician_Hackathon","timestamp":"2026-03-23 21:05:18"}
{"level":"info","message":"Clicks the login..","service":"Team6_Playwright_Dietician_Hackathon","timestamp":"2026-03-23 21:05:18"}
{"level":"info","message":"Lands in dashboard page...","service":"Team6_Playwright_Dietician_Hackathon","timestamp":"2026-03-23 21:05:18"}
{"level":"info","message":"Enter the username and password..","service":"Team6_Playwright_Dietician_Hackathon","timestamp":"2026-03-23 22:27:35"}
{"level":"info","message":"Clicks the login..","service":"Team6_Playwright_Dietician_Hackathon","timestamp":"2026-03-23 22:27:35"}
{"level":"info","message":"Lands in dashboard page...","service":"Team6_Playwright_Dietician_Hackathon","timestamp":"2026-03-23 22:27:35"}
{"level":"info","message":"User clicks the Edit Icon button of a patient..","service":"Team6_Playwright_Dietician_Hackathon","timestamp":"2026-03-24 15:33:22"}
{"level":"info","message":"User clicks the Edit Icon button of a patient..","service":"Team6_Playwright_Dietician_Hackathon","timestamp":"2026-03-24 15:36:26"}
{"level":"info","message":"User clicks the Edit Icon button of a patient..","service":"Team6_Playwright_Dietician_Hackathon","timestamp":"2026-03-24 20:14:02"}
{"level":"info","message":"User clicks the Edit Icon button of a patient..","service":"Team6_Playwright_Dietician_Hackathon","timestamp":"2026-03-24 20:14:34"}
{"level":"info","message":"User clicks the Edit Icon button of a patient..","service":"Team6_Playwright_Dietician_Hackathon","timestamp":"2026-03-24 20:16:57"}
{"level":"info","message":"User clicks the Edit Icon button of a patient..","service":"Team6_Playwright_Dietician_Hackathon","timestamp":"2026-03-24 20:17:31"}
{"level":"info","message":"User clicks the Edit Icon button of a patient..","service":"Team6_Playwright_Dietician_Hackathon","timestamp":"2026-03-24 20:18:06"}
{"level":"info","message":"User clicks the Edit Icon button of a patient..","service":"Team6_Playwright_Dietician_Hackathon","timestamp":"2026-03-24 20:18:40"}
{"level":"info","message":"Creating patient: firstName lastName","service":"Team6_Playwright_Dietician_Hackathon","timestamp":"2026-03-24 21:31:59"}
{"level":"info","message":"Creating patient: firstName lastName","service":"Team6_Playwright_Dietician_Hackathon","timestamp":"2026-03-24 21:32:30"}
{"level":"info","message":"Creating patient: firstName lastName","service":"Team6_Playwright_Dietician_Hackathon","timestamp":"2026-03-24 21:33:04"}
{"level":"info","message":"Creating patient: firstName lastName","service":"Team6_Playwright_Dietician_Hackathon","timestamp":"2026-03-24 21:33:39"}
{"level":"info","message":"Creating patient: firstName lastName","service":"Team6_Playwright_Dietician_Hackathon","timestamp":"2026-03-24 21:34:13"}
{"level":"info","message":"Creating patient: firstName lastName","service":"Team6_Playwright_Dietician_Hackathon","timestamp":"2026-03-24 21:34:48"}
{"level":"info","message":"Creating patient: firstName lastName","service":"Team6_Playwright_Dietician_Hackathon","timestamp":"2026-03-24 21:35:22"}
{"level":"info","message":"Creating patient: firstName lastName","service":"Team6_Playwright_Dietician_Hackathon","timestamp":"2026-03-24 21:35:57"}
{"level":"info","message":"Creating patient: with given First Name and Last Name","service":"Team6_Playwright_Dietician_Hackathon","timestamp":"2026-03-24 22:45:16"}
{"level":"info","message":"Creating patient: with given First Name and Last Name","service":"Team6_Playwright_Dietician_Hackathon","timestamp":"2026-03-24 22:45:48"}
{"level":"info","message":"Creating patient: with given First Name and Last Name","service":"Team6_Playwright_Dietician_Hackathon","timestamp":"2026-03-24 22:46:22"}
{"level":"info","message":"Creating patient: with given First Name and Last Name","service":"Team6_Playwright_Dietician_Hackathon","timestamp":"2026-03-24 22:46:57"}
{"level":"info","message":"Creating patient: with given First Name and Last Name","service":"Team6_Playwright_Dietician_Hackathon","timestamp":"2026-03-24 22:47:32"}
{"level":"info","message":"Creating patient: with given First Name and Last Name","service":"Team6_Playwright_Dietician_Hackathon","timestamp":"2026-03-24 23:12:17"}
{"level":"info","message":"Creating patient: with given First Name and Last Name","service":"Team6_Playwright_Dietician_Hackathon","timestamp":"2026-03-24 23:12:49"}
{"level":"info","message":"Creating patient: with given First Name and Last Name","service":"Team6_Playwright_Dietician_Hackathon","timestamp":"2026-03-24 23:13:23"}
{"level":"info","message":"Creating patient: with given First Name and Last Name","service":"Team6_Playwright_Dietician_Hackathon","timestamp":"2026-03-24 23:13:58"}
{"level":"info","message":"Creating patient: with given First Name and Last Name","service":"Team6_Playwright_Dietician_Hackathon","timestamp":"2026-03-24 23:14:32"}
{"level":"info","message":"User clicks the Edit Icon button of a patient..","service":"Team6_Playwright_Dietician_Hackathon","timestamp":"2026-03-25 08:19:53"}
{"level":"info","message":"User clicks the Edit Icon button of a patient..","service":"Team6_Playwright_Dietician_Hackathon","timestamp":"2026-03-25 08:19:53"}
{"level":"info","message":"User clicks the Edit Icon button of a patient..","service":"Team6_Playwright_Dietician_Hackathon","timestamp":"2026-03-25 08:19:58"}
{"level":"info","message":"User clicks the Edit Icon button of a patient..","service":"Team6_Playwright_Dietician_Hackathon","timestamp":"2026-03-25 08:20:55"}
{"level":"info","message":"User clicks the Edit Icon button of a patient..","service":"Team6_Playwright_Dietician_Hackathon","timestamp":"2026-03-25 08:20:55"}
{"level":"info","message":"User clicks the Edit Icon button of a patient..","service":"Team6_Playwright_Dietician_Hackathon","timestamp":"2026-03-25 08:21:02"}
{"level":"info","message":"User clicks the Edit Icon button of a patient..","service":"Team6_Playwright_Dietician_Hackathon","timestamp":"2026-03-25 08:21:54"}
{"level":"info","message":"User clicks the Edit Icon button of a patient..","service":"Team6_Playwright_Dietician_Hackathon","timestamp":"2026-03-25 08:21:54"}
{"level":"info","message":"User clicks the Edit Icon button of a patient..","service":"Team6_Playwright_Dietician_Hackathon","timestamp":"2026-03-25 08:21:54"}
{"level":"info","message":"Creating patient: with given First Name and Last Name","service":"Team6_Playwright_Dietician_Hackathon","timestamp":"2026-03-25 08:52:59"}
{"level":"info","message":"Creating patient: with given First Name and Last Name","service":"Team6_Playwright_Dietician_Hackathon","timestamp":"2026-03-25 08:52:59"}
{"level":"info","message":"Creating patient: with given First Name and Last Name","service":"Team6_Playwright_Dietician_Hackathon","timestamp":"2026-03-25 08:53:06"}
{"level":"info","message":"Creating patient: with given First Name and Last Name","service":"Team6_Playwright_Dietician_Hackathon","timestamp":"2026-03-25 08:54:52"}
{"level":"info","message":"Creating patient: with given First Name and Last Name","service":"Team6_Playwright_Dietician_Hackathon","timestamp":"2026-03-25 08:54:54"}
{"level":"info","message":"Creating patient: with given First Name and Last Name","service":"Team6_Playwright_Dietician_Hackathon","timestamp":"2026-03-25 08:54:57"}
{"level":"info","message":"Creating patient: with given First Name and Last Name","service":"Team6_Playwright_Dietician_Hackathon","timestamp":"2026-03-25 09:00:04"}
{"level":"info","message":"Creating patient: with given First Name and Last Name","service":"Team6_Playwright_Dietician_Hackathon","timestamp":"2026-03-25 09:00:05"}
{"level":"info","message":"Creating patient: with given First Name and Last Name","service":"Team6_Playwright_Dietician_Hackathon","timestamp":"2026-03-25 09:00:10"}
{"level":"info","message":"Creating patient: with given First Name and Last Name","service":"Team6_Playwright_Dietician_Hackathon","timestamp":"2026-03-25 09:02:34"}
{"level":"info","message":"'User searches and clicks Edit Icon of newly created patient with contact Number: '","service":"Team6_Playwright_Dietician_Hackathon","timestamp":"2026-03-25 09:21:04"}
{"level":"info","message":"User searches and clicks Edit Icon of newly created patient with contact Number: ","service":"Team6_Playwright_Dietician_Hackathon","timestamp":"2026-03-25 09:24:20"}
{"level":"info","message":"User searches and clicks Edit Icon of newly created patient with contact Number: ","service":"Team6_Playwright_Dietician_Hackathon","timestamp":"2026-03-25 09:28:10"}
{"level":"info","message":"User searches and clicks Edit Icon of newly created patient with contact Number: ","service":"Team6_Playwright_Dietician_Hackathon","timestamp":"2026-03-25 09:30:05"}
{"level":"info","message":"Creating patient: with given First Name and Last Name","service":"Team6_Playwright_Dietician_Hackathon","timestamp":"2026-03-25 09:30:05"}
{"level":"info","message":"Creating patient: with given First Name and Last Name","service":"Team6_Playwright_Dietician_Hackathon","timestamp":"2026-03-25 09:31:55"}
{"level":"info","message":"User searches and clicks Edit Icon of newly created patient with contact Number: ","service":"Team6_Playwright_Dietician_Hackathon","timestamp":"2026-03-25 09:32:30"}
{"level":"info","message":"Creating patient: with given First Name and Last Name","service":"Team6_Playwright_Dietician_Hackathon","timestamp":"2026-03-25 09:45:06"}
{"level":"info","message":"User searches and clicks Edit Icon of newly created patient with contact Number: ","service":"Team6_Playwright_Dietician_Hackathon","timestamp":"2026-03-25 09:49:04"}
{"level":"info","message":"Creating patient: with given First Name and Last Name","service":"Team6_Playwright_Dietician_Hackathon","timestamp":"2026-03-27 11:09:43"}
{"level":"info","message":"Creating patient: with given First Name and Last Name","service":"Team6_Playwright_Dietician_Hackathon","timestamp":"2026-03-27 11:09:43"}
{"level":"info","message":"Creating patient: with given First Name and Last Name","service":"Team6_Playwright_Dietician_Hackathon","timestamp":"2026-03-27 11:09:55"}
{"level":"info","message":"Creating patient: with given First Name and Last Name","service":"Team6_Playwright_Dietician_Hackathon","timestamp":"2026-03-27 11:10:19"}
{"level":"info","message":"Creating patient: with given First Name and Last Name","service":"Team6_Playwright_Dietician_Hackathon","timestamp":"2026-03-27 11:10:19"}
{"level":"info","message":"Creating patient: with given First Name and Last Name","service":"Team6_Playwright_Dietician_Hackathon","timestamp":"2026-03-27 11:10:28"}
{"level":"info","message":"Creating patient: with given First Name and Last Name","service":"Team6_Playwright_Dietician_Hackathon","timestamp":"2026-03-27 11:10:55"}
{"level":"info","message":"Creating patient: with given First Name and Last Name","service":"Team6_Playwright_Dietician_Hackathon","timestamp":"2026-03-27 11:10:55"}
{"level":"info","message":"Creating patient: with given First Name and Last Name","service":"Team6_Playwright_Dietician_Hackathon","timestamp":"2026-03-27 11:11:05"}
{"level":"info","message":"Creating patient: with given First Name and Last Name","service":"Team6_Playwright_Dietician_Hackathon","timestamp":"2026-03-27 11:11:32"}
{"level":"info","message":"Creating patient: with given First Name and Last Name","service":"Team6_Playwright_Dietician_Hackathon","timestamp":"2026-03-27 11:11:32"}
{"level":"info","message":"Creating patient: with given First Name and Last Name","service":"Team6_Playwright_Dietician_Hackathon","timestamp":"2026-03-27 11:11:40"}
{"level":"info","message":"Creating patient: with given First Name and Last Name","service":"Team6_Playwright_Dietician_Hackathon","timestamp":"2026-03-27 11:12:10"}
{"level":"info","message":"Creating patient: with given First Name and Last Name","service":"Team6_Playwright_Dietician_Hackathon","timestamp":"2026-03-27 11:12:10"}
{"level":"info","message":"Creating patient: with given First Name and Last Name","service":"Team6_Playwright_Dietician_Hackathon","timestamp":"2026-03-27 11:12:16"}
{"level":"info","message":"Creating patient: with given First Name and Last Name","service":"Team6_Playwright_Dietician_Hackathon","timestamp":"2026-03-27 11:12:46"}
{"level":"info","message":"Creating patient: with given First Name and Last Name","service":"Team6_Playwright_Dietician_Hackathon","timestamp":"2026-03-27 11:12:46"}
{"level":"info","message":"User clicks the Edit Icon button of a patient..","service":"Team6_Playwright_Dietician_Hackathon","timestamp":"2026-03-27 11:12:52"}
{"level":"info","message":"User clicks the Edit Icon button of a patient..","service":"Team6_Playwright_Dietician_Hackathon","timestamp":"2026-03-27 11:13:22"}
{"level":"info","message":"User clicks the Edit Icon button of a patient..","service":"Team6_Playwright_Dietician_Hackathon","timestamp":"2026-03-27 11:13:22"}
{"level":"info","message":"User clicks the Edit Icon button of a patient..","service":"Team6_Playwright_Dietician_Hackathon","timestamp":"2026-03-27 11:13:28"}
{"level":"info","message":"User clicks the Edit Icon button of a patient..","service":"Team6_Playwright_Dietician_Hackathon","timestamp":"2026-03-27 11:13:59"}
{"level":"info","message":"User clicks the Edit Icon button of a patient..","service":"Team6_Playwright_Dietician_Hackathon","timestamp":"2026-03-27 11:13:59"}
{"level":"info","message":"User searches newly created patient with contact Number and click its Edit Icon","service":"Team6_Playwright_Dietician_Hackathon","timestamp":"2026-03-27 11:14:06"}
{"level":"info","message":"User searches newly created patient with contact Number and click its Edit Icon","service":"Team6_Playwright_Dietician_Hackathon","timestamp":"2026-03-27 11:14:34"}
{"level":"info","message":"User searches newly created patient with contact Number and click its Edit Icon","service":"Team6_Playwright_Dietician_Hackathon","timestamp":"2026-03-27 11:14:35"}
{"level":"info","message":"User searches newly created patient with contact Number and click its Edit Icon","service":"Team6_Playwright_Dietician_Hackathon","timestamp":"2026-03-27 11:14:42"}
{"level":"info","message":"User searches newly created patient with contact Number and click its Edit Icon","service":"Team6_Playwright_Dietician_Hackathon","timestamp":"2026-03-27 11:15:12"}
{"level":"info","message":"User clicks the Edit Icon button of a patient..","service":"Team6_Playwright_Dietician_Hackathon","timestamp":"2026-03-27 11:15:12"}
{"level":"info","message":"User clicks the Edit Icon button of a patient..","service":"Team6_Playwright_Dietician_Hackathon","timestamp":"2026-03-27 11:15:18"}
{"level":"info","message":"User clicks the Edit Icon button of a patient..","service":"Team6_Playwright_Dietician_Hackathon","timestamp":"2026-03-27 11:15:48"}
{"level":"info","message":"User clicks the Edit Icon button of a patient..","service":"Team6_Playwright_Dietician_Hackathon","timestamp":"2026-03-27 11:15:48"}
{"level":"info","message":"User clicks the Edit Icon button of a patient..","service":"Team6_Playwright_Dietician_Hackathon","timestamp":"2026-03-27 11:15:54"}
{"level":"info","message":"User clicks the Edit Icon button of a patient..","service":"Team6_Playwright_Dietician_Hackathon","timestamp":"2026-03-27 11:16:24"}
{"level":"info","message":"User clicks the Edit Icon button of a patient..","service":"Team6_Playwright_Dietician_Hackathon","timestamp":"2026-03-27 11:16:24"}
{"level":"info","message":"User clicks the Edit Icon button of a patient..","service":"Team6_Playwright_Dietician_Hackathon","timestamp":"2026-03-27 11:16:30"}
{"level":"info","message":"User clicks the Edit Icon button of a patient..","service":"Team6_Playwright_Dietician_Hackathon","timestamp":"2026-03-27 11:17:01"}
{"level":"info","message":"User clicks the Edit Icon button of a patient..","service":"Team6_Playwright_Dietician_Hackathon","timestamp":"2026-03-27 11:17:01"}
{"level":"info","message":"User clicks the Edit Icon button of a patient..","service":"Team6_Playwright_Dietician_Hackathon","timestamp":"2026-03-27 11:17:06"}
{"level":"info","message":"User clicks the Edit Icon button of a patient..","service":"Team6_Playwright_Dietician_Hackathon","timestamp":"2026-03-27 11:17:37"}
{"level":"info","message":"User clicks the Edit Icon button of a patient..","service":"Team6_Playwright_Dietician_Hackathon","timestamp":"2026-03-27 11:17:37"}
{"level":"info","message":"User clicks the Edit Icon button of a patient..","service":"Team6_Playwright_Dietician_Hackathon","timestamp":"2026-03-27 11:17:42"}
{"level":"info","message":"User clicks the Edit Icon button of a patient..","service":"Team6_Playwright_Dietician_Hackathon","timestamp":"2026-03-27 11:18:13"}
{"level":"info","message":"User clicks the Edit Icon button of a patient..","service":"Team6_Playwright_Dietician_Hackathon","timestamp":"2026-03-27 11:18:13"}
{"level":"info","message":"User clicks the Edit Icon button of a patient..","service":"Team6_Playwright_Dietician_Hackathon","timestamp":"2026-03-27 11:18:20"}
{"level":"info","message":"User clicks the Edit Icon button of a patient..","service":"Team6_Playwright_Dietician_Hackathon","timestamp":"2026-03-27 11:18:49"}
{"level":"info","message":"User clicks the Edit Icon button of a patient..","service":"Team6_Playwright_Dietician_Hackathon","timestamp":"2026-03-27 11:18:49"}
{"level":"info","message":"User clicks the Edit Icon button of a patient..","service":"Team6_Playwright_Dietician_Hackathon","timestamp":"2026-03-27 11:18:55"}
{"level":"info","message":"User clicks the Edit Icon button of a patient..","service":"Team6_Playwright_Dietician_Hackathon","timestamp":"2026-03-27 11:19:24"}
{"level":"info","message":"User clicks the Edit Icon button of a patient..","service":"Team6_Playwright_Dietician_Hackathon","timestamp":"2026-03-27 11:19:25"}
{"level":"info","message":"User clicks the Edit Icon button of a patient..","service":"Team6_Playwright_Dietician_Hackathon","timestamp":"2026-03-27 11:19:31"}
{"level":"info","message":"User clicks the Edit Icon button of a patient..","service":"Team6_Playwright_Dietician_Hackathon","timestamp":"2026-03-27 11:20:00"}
{"level":"info","message":"User clicks the Edit Icon button of a patient..","service":"Team6_Playwright_Dietician_Hackathon","timestamp":"2026-03-27 11:20:00"}
{"level":"info","message":"User clicks the Edit Icon button of a patient..","service":"Team6_Playwright_Dietician_Hackathon","timestamp":"2026-03-27 11:20:07"}
{"level":"info","message":"User clicks the Edit Icon button of a patient..","service":"Team6_Playwright_Dietician_Hackathon","timestamp":"2026-03-27 11:20:36"}
{"level":"info","message":"User clicks the Edit Icon button of a patient..","service":"Team6_Playwright_Dietician_Hackathon","timestamp":"2026-03-27 11:20:36"}
{"level":"info","message":"User clicks the Edit Icon button of a patient..","service":"Team6_Playwright_Dietician_Hackathon","timestamp":"2026-03-27 11:20:43"}
{"level":"info","message":"User clicks the Edit Icon button of a patient..","service":"Team6_Playwright_Dietician_Hackathon","timestamp":"2026-03-27 11:21:12"}
{"level":"info","message":"User clicks the Edit Icon button of a patient..","service":"Team6_Playwright_Dietician_Hackathon","timestamp":"2026-03-27 11:21:12"}
{"level":"info","message":"User clicks the Edit Icon button of a patient..","service":"Team6_Playwright_Dietician_Hackathon","timestamp":"2026-03-27 11:21:18"}
{"level":"info","message":"The user clicks the delete icon of the top patient in the patient list","service":"Team6_Playwright_Dietician_Hackathon","timestamp":"2026-03-27 11:21:48"}
{"level":"info","message":"The user clicks the delete icon of the top patient in the patient list","service":"Team6_Playwright_Dietician_Hackathon","timestamp":"2026-03-27 11:21:48"}
{"level":"info","message":"The user clicks the delete icon of the top patient in the patient list","service":"Team6_Playwright_Dietician_Hackathon","timestamp":"2026-03-27 11:21:53"}
{"level":"info","message":"The user clicks the delete icon of the top patient in the patient list","service":"Team6_Playwright_Dietician_Hackathon","timestamp":"2026-03-27 11:21:53"}
{"level":"info","message":"The user clicks the delete icon of the top patient in the patient list","service":"Team6_Playwright_Dietician_Hackathon","timestamp":"2026-03-27 11:21:56"}
{"level":"info","message":"The user clicks the delete icon of the top patient in the patient list","service":"Team6_Playwright_Dietician_Hackathon","timestamp":"2026-03-27 11:21:58"}
{"level":"info","message":"The user clicks the delete icon of the top patient in the patient list","service":"Team6_Playwright_Dietician_Hackathon","timestamp":"2026-03-27 11:21:58"}
{"level":"info","message":"The user clicks the delete icon of the top patient in the patient list","service":"Team6_Playwright_Dietician_Hackathon","timestamp":"2026-03-27 11:22:01"}
{"level":"info","message":"Navigated to home page","service":"Team6_Playwright_Dietician_Hackathon","timestamp":"2026-03-27 11:22:04"}
{"level":"info","message":"Creating patient: with given First Name and Last Name","service":"Team6_Playwright_Dietician_Hackathon","timestamp":"2026-03-27 11:34:00"}
{"level":"info","message":"Creating patient: with given First Name and Last Name","service":"Team6_Playwright_Dietician_Hackathon","timestamp":"2026-03-27 11:34:01"}
{"level":"info","message":"Creating patient: with given First Name and Last Name","service":"Team6_Playwright_Dietician_Hackathon","timestamp":"2026-03-27 11:34:13"}
{"level":"info","message":"Creating patient: with given First Name and Last Name","service":"Team6_Playwright_Dietician_Hackathon","timestamp":"2026-03-27 11:34:36"}
{"level":"info","message":"Creating patient: with given First Name and Last Name","service":"Team6_Playwright_Dietician_Hackathon","timestamp":"2026-03-27 11:34:38"}
{"level":"info","message":"Creating patient: with given First Name and Last Name","service":"Team6_Playwright_Dietician_Hackathon","timestamp":"2026-03-27 11:34:55"}
{"level":"info","message":"Creating patient: with given First Name and Last Name","service":"Team6_Playwright_Dietician_Hackathon","timestamp":"2026-03-27 11:35:16"}
{"level":"info","message":"Creating patient: with given First Name and Last Name","service":"Team6_Playwright_Dietician_Hackathon","timestamp":"2026-03-27 11:35:19"}
{"level":"info","message":"Creating patient: with given First Name and Last Name","service":"Team6_Playwright_Dietician_Hackathon","timestamp":"2026-03-27 11:35:32"}
{"level":"info","message":"Creating patient: with given First Name and Last Name","service":"Team6_Playwright_Dietician_Hackathon","timestamp":"2026-03-27 11:35:48"}
{"level":"info","message":"Creating patient: with given First Name and Last Name","service":"Team6_Playwright_Dietician_Hackathon","timestamp":"2026-03-27 11:35:51"}
{"level":"info","message":"Creating patient: with given First Name and Last Name","service":"Team6_Playwright_Dietician_Hackathon","timestamp":"2026-03-27 11:36:07"}
{"level":"info","message":"Creating patient: with given First Name and Last Name","service":"Team6_Playwright_Dietician_Hackathon","timestamp":"2026-03-27 11:36:23"}
{"level":"info","message":"Creating patient: with given First Name and Last Name","service":"Team6_Playwright_Dietician_Hackathon","timestamp":"2026-03-27 11:36:28"}
{"level":"info","message":"Creating patient: with given First Name and Last Name","service":"Team6_Playwright_Dietician_Hackathon","timestamp":"2026-03-27 11:36:44"}
{"level":"info","message":"Creating patient: with given First Name and Last Name","service":"Team6_Playwright_Dietician_Hackathon","timestamp":"2026-03-27 11:37:00"}
{"level":"info","message":"Creating patient: with given First Name and Last Name","service":"Team6_Playwright_Dietician_Hackathon","timestamp":"2026-03-27 11:37:06"}
{"level":"info","message":"User clicks the Edit Icon button of a patient..","service":"Team6_Playwright_Dietician_Hackathon","timestamp":"2026-03-27 11:37:19"}
{"level":"info","message":"User clicks the Edit Icon button of a patient..","service":"Team6_Playwright_Dietician_Hackathon","timestamp":"2026-03-27 11:37:39"}
{"level":"info","message":"User clicks the Edit Icon button of a patient..","service":"Team6_Playwright_Dietician_Hackathon","timestamp":"2026-03-27 11:37:44"}
{"level":"info","message":"User clicks the Edit Icon button of a patient..","service":"Team6_Playwright_Dietician_Hackathon","timestamp":"2026-03-27 11:37:56"}
{"level":"info","message":"User clicks the Edit Icon button of a patient..","service":"Team6_Playwright_Dietician_Hackathon","timestamp":"2026-03-27 11:38:16"}
{"level":"info","message":"User clicks the Edit Icon button of a patient..","service":"Team6_Playwright_Dietician_Hackathon","timestamp":"2026-03-27 11:38:23"}
{"level":"info","message":"User searches newly created patient with contact Number and click its Edit Icon","service":"Team6_Playwright_Dietician_Hackathon","timestamp":"2026-03-27 11:38:35"}
{"level":"info","message":"User searches newly created patient with contact Number and click its Edit Icon","service":"Team6_Playwright_Dietician_Hackathon","timestamp":"2026-03-27 11:38:49"}
{"level":"info","message":"User searches newly created patient with contact Number and click its Edit Icon","service":"Team6_Playwright_Dietician_Hackathon","timestamp":"2026-03-27 11:38:59"}
{"level":"info","message":"User searches newly created patient with contact Number and click its Edit Icon","service":"Team6_Playwright_Dietician_Hackathon","timestamp":"2026-03-27 11:39:10"}
{"level":"info","message":"User searches newly created patient with contact Number and click its Edit Icon","service":"Team6_Playwright_Dietician_Hackathon","timestamp":"2026-03-27 11:39:26"}
{"level":"info","message":"User clicks the Edit Icon button of a patient..","service":"Team6_Playwright_Dietician_Hackathon","timestamp":"2026-03-27 11:39:36"}
{"level":"info","message":"User clicks the Edit Icon button of a patient..","service":"Team6_Playwright_Dietician_Hackathon","timestamp":"2026-03-27 11:39:47"}
{"level":"info","message":"User clicks the Edit Icon button of a patient..","service":"Team6_Playwright_Dietician_Hackathon","timestamp":"2026-03-27 11:40:02"}
{"level":"info","message":"User clicks the Edit Icon button of a patient..","service":"Team6_Playwright_Dietician_Hackathon","timestamp":"2026-03-27 11:40:15"}
{"level":"info","message":"User clicks the Edit Icon button of a patient..","service":"Team6_Playwright_Dietician_Hackathon","timestamp":"2026-03-27 11:40:25"}
{"level":"info","message":"User clicks the Edit Icon button of a patient..","service":"Team6_Playwright_Dietician_Hackathon","timestamp":"2026-03-27 11:40:37"}
{"level":"info","message":"User clicks the Edit Icon button of a patient..","service":"Team6_Playwright_Dietician_Hackathon","timestamp":"2026-03-27 11:40:57"}
{"level":"info","message":"User clicks the Edit Icon button of a patient..","service":"Team6_Playwright_Dietician_Hackathon","timestamp":"2026-03-27 11:41:07"}
{"level":"info","message":"User clicks the Edit Icon button of a patient..","service":"Team6_Playwright_Dietician_Hackathon","timestamp":"2026-03-27 11:41:17"}
{"level":"info","message":"User clicks the Edit Icon button of a patient..","service":"Team6_Playwright_Dietician_Hackathon","timestamp":"2026-03-27 11:41:31"}
{"level":"info","message":"User clicks the Edit Icon button of a patient..","service":"Team6_Playwright_Dietician_Hackathon","timestamp":"2026-03-27 11:41:42"}
{"level":"info","message":"User clicks the Edit Icon button of a patient..","service":"Team6_Playwright_Dietician_Hackathon","timestamp":"2026-03-27 11:41:53"}
{"level":"info","message":"User clicks the Edit Icon button of a patient..","service":"Team6_Playwright_Dietician_Hackathon","timestamp":"2026-03-27 11:42:06"}
{"level":"info","message":"User clicks the Edit Icon button of a patient..","service":"Team6_Playwright_Dietician_Hackathon","timestamp":"2026-03-27 11:42:18"}
{"level":"info","message":"User clicks the Edit Icon button of a patient..","service":"Team6_Playwright_Dietician_Hackathon","timestamp":"2026-03-27 11:42:30"}
{"level":"info","message":"User clicks the Edit Icon button of a patient..","service":"Team6_Playwright_Dietician_Hackathon","timestamp":"2026-03-27 11:42:46"}
{"level":"info","message":"User clicks the Edit Icon button of a patient..","service":"Team6_Playwright_Dietician_Hackathon","timestamp":"2026-03-27 11:42:55"}
{"level":"info","message":"User clicks the Edit Icon button of a patient..","service":"Team6_Playwright_Dietician_Hackathon","timestamp":"2026-03-27 11:43:05"}
{"level":"info","message":"User clicks the Edit Icon button of a patient..","service":"Team6_Playwright_Dietician_Hackathon","timestamp":"2026-03-27 11:43:20"}
{"level":"info","message":"User clicks the Edit Icon button of a patient..","service":"Team6_Playwright_Dietician_Hackathon","timestamp":"2026-03-27 11:43:30"}
{"level":"info","message":"User clicks the Edit Icon button of a patient..","service":"Team6_Playwright_Dietician_Hackathon","timestamp":"2026-03-27 11:43:40"}
{"level":"info","message":"User clicks the Edit Icon button of a patient..","service":"Team6_Playwright_Dietician_Hackathon","timestamp":"2026-03-27 11:43:55"}
{"level":"info","message":"User clicks the Edit Icon button of a patient..","service":"Team6_Playwright_Dietician_Hackathon","timestamp":"2026-03-27 11:44:05"}
{"level":"info","message":"User clicks the Edit Icon button of a patient..","service":"Team6_Playwright_Dietician_Hackathon","timestamp":"2026-03-27 11:44:16"}
{"level":"info","message":"User clicks the Edit Icon button of a patient..","service":"Team6_Playwright_Dietician_Hackathon","timestamp":"2026-03-27 11:44:31"}
{"level":"info","message":"User clicks the Edit Icon button of a patient..","service":"Team6_Playwright_Dietician_Hackathon","timestamp":"2026-03-27 11:44:41"}
{"level":"info","message":"User clicks the Edit Icon button of a patient..","service":"Team6_Playwright_Dietician_Hackathon","timestamp":"2026-03-27 11:44:51"}
{"level":"info","message":"User clicks the Edit Icon button of a patient..","service":"Team6_Playwright_Dietician_Hackathon","timestamp":"2026-03-27 11:45:06"}
{"level":"info","message":"User clicks the Edit Icon button of a patient..","service":"Team6_Playwright_Dietician_Hackathon","timestamp":"2026-03-27 11:45:16"}
{"level":"info","message":"User clicks the Edit Icon button of a patient..","service":"Team6_Playwright_Dietician_Hackathon","timestamp":"2026-03-27 11:45:26"}
{"level":"info","message":"User clicks the Edit Icon button of a patient..","service":"Team6_Playwright_Dietician_Hackathon","timestamp":"2026-03-27 11:45:41"}
{"level":"info","message":"User clicks the Edit Icon button of a patient..","service":"Team6_Playwright_Dietician_Hackathon","timestamp":"2026-03-27 11:45:52"}
{"level":"info","message":"The user clicks the delete icon of the top patient in the patient list","service":"Team6_Playwright_Dietician_Hackathon","timestamp":"2026-03-27 11:46:02"}
{"level":"info","message":"The user clicks the delete icon of the top patient in the patient list","service":"Team6_Playwright_Dietician_Hackathon","timestamp":"2026-03-27 11:46:11"}
{"level":"info","message":"The user clicks the delete icon of the top patient in the patient list","service":"Team6_Playwright_Dietician_Hackathon","timestamp":"2026-03-27 11:46:18"}
{"level":"info","message":"The user clicks the delete icon of the top patient in the patient list","service":"Team6_Playwright_Dietician_Hackathon","timestamp":"2026-03-27 11:46:19"}
{"level":"info","message":"The user clicks the delete icon of the top patient in the patient list","service":"Team6_Playwright_Dietician_Hackathon","timestamp":"2026-03-27 11:46:28"}
{"level":"info","message":"The user clicks the delete icon of the top patient in the patient list","service":"Team6_Playwright_Dietician_Hackathon","timestamp":"2026-03-27 11:46:29"}
{"level":"info","message":"The user clicks the delete icon of the top patient in the patient list","service":"Team6_Playwright_Dietician_Hackathon","timestamp":"2026-03-27 11:46:30"}
{"level":"info","message":"The user clicks the delete icon of the top patient in the patient list","service":"Team6_Playwright_Dietician_Hackathon","timestamp":"2026-03-27 11:46:40"}
{"level":"info","message":"Navigated to home page","service":"Team6_Playwright_Dietician_Hackathon","timestamp":"2026-03-27 11:46:45"}
{"level":"info","message":"Creating patient: with given First Name and Last Name","service":"Team6_Playwright_Dietician_Hackathon","timestamp":"2026-03-27 11:59:57"}
{"level":"info","message":"Creating patient: with given First Name and Last Name","service":"Team6_Playwright_Dietician_Hackathon","timestamp":"2026-03-27 11:59:59"}
{"level":"info","message":"Creating patient: with given First Name and Last Name","service":"Team6_Playwright_Dietician_Hackathon","timestamp":"2026-03-27 12:00:01"}
{"level":"info","message":"Creating patient: with given First Name and Last Name","service":"Team6_Playwright_Dietician_Hackathon","timestamp":"2026-03-27 12:00:35"}
{"level":"info","message":"Creating patient: with given First Name and Last Name","service":"Team6_Playwright_Dietician_Hackathon","timestamp":"2026-03-27 12:00:38"}
{"level":"info","message":"Creating patient: with given First Name and Last Name","service":"Team6_Playwright_Dietician_Hackathon","timestamp":"2026-03-27 12:00:42"}
{"level":"info","message":"Creating patient: with given First Name and Last Name","service":"Team6_Playwright_Dietician_Hackathon","timestamp":"2026-03-27 12:01:22"}
{"level":"info","message":"Creating patient: with given First Name and Last Name","service":"Team6_Playwright_Dietician_Hackathon","timestamp":"2026-03-27 12:01:23"}
{"level":"info","message":"Creating patient: with given First Name and Last Name","service":"Team6_Playwright_Dietician_Hackathon","timestamp":"2026-03-27 12:01:26"}
{"level":"info","message":"Creating patient: with given First Name and Last Name","service":"Team6_Playwright_Dietician_Hackathon","timestamp":"2026-03-27 12:01:59"}
{"level":"info","message":"Creating patient: with given First Name and Last Name","service":"Team6_Playwright_Dietician_Hackathon","timestamp":"2026-03-27 12:02:02"}
{"level":"info","message":"Creating patient: with given First Name and Last Name","service":"Team6_Playwright_Dietician_Hackathon","timestamp":"2026-03-27 12:02:07"}
{"level":"info","message":"Creating patient: with given First Name and Last Name","service":"Team6_Playwright_Dietician_Hackathon","timestamp":"2026-03-27 12:02:36"}
{"level":"info","message":"Creating patient: with given First Name and Last Name","service":"Team6_Playwright_Dietician_Hackathon","timestamp":"2026-03-27 12:02:41"}
{"level":"info","message":"Creating patient: with given First Name and Last Name","service":"Team6_Playwright_Dietician_Hackathon","timestamp":"2026-03-27 12:02:47"}
{"level":"info","message":"Creating patient: with given First Name and Last Name","service":"Team6_Playwright_Dietician_Hackathon","timestamp":"2026-03-27 12:03:12"}
{"level":"info","message":"Creating patient: with given First Name and Last Name","service":"Team6_Playwright_Dietician_Hackathon","timestamp":"2026-03-27 12:03:19"}
{"level":"info","message":"User clicks the Edit Icon button of a patient..","service":"Team6_Playwright_Dietician_Hackathon","timestamp":"2026-03-27 12:03:27"}
{"level":"info","message":"User clicks the Edit Icon button of a patient..","service":"Team6_Playwright_Dietician_Hackathon","timestamp":"2026-03-27 12:03:47"}
{"level":"info","message":"User clicks the Edit Icon button of a patient..","service":"Team6_Playwright_Dietician_Hackathon","timestamp":"2026-03-27 12:03:57"}
{"level":"info","message":"User clicks the Edit Icon button of a patient..","service":"Team6_Playwright_Dietician_Hackathon","timestamp":"2026-03-27 12:04:05"}
{"level":"info","message":"User clicks the Edit Icon button of a patient..","service":"Team6_Playwright_Dietician_Hackathon","timestamp":"2026-03-27 12:04:23"}
{"level":"info","message":"User clicks the Edit Icon button of a patient..","service":"Team6_Playwright_Dietician_Hackathon","timestamp":"2026-03-27 12:04:34"}
{"level":"info","message":"User searches newly created patient with contact Number and click its Edit Icon","service":"Team6_Playwright_Dietician_Hackathon","timestamp":"2026-03-27 12:04:43"}
{"level":"info","message":"User searches newly created patient with contact Number and click its Edit Icon","service":"Team6_Playwright_Dietician_Hackathon","timestamp":"2026-03-27 12:05:00"}
{"level":"info","message":"User searches newly created patient with contact Number and click its Edit Icon","service":"Team6_Playwright_Dietician_Hackathon","timestamp":"2026-03-27 12:05:13"}
{"level":"info","message":"User searches newly created patient with contact Number and click its Edit Icon","service":"Team6_Playwright_Dietician_Hackathon","timestamp":"2026-03-27 12:05:22"}
{"level":"info","message":"User searches newly created patient with contact Number and click its Edit Icon","service":"Team6_Playwright_Dietician_Hackathon","timestamp":"2026-03-27 12:05:36"}
{"level":"info","message":"User clicks the Edit Icon button of a patient..","service":"Team6_Playwright_Dietician_Hackathon","timestamp":"2026-03-27 12:05:50"}
{"level":"info","message":"User clicks the Edit Icon button of a patient..","service":"Team6_Playwright_Dietician_Hackathon","timestamp":"2026-03-27 12:05:59"}
{"level":"info","message":"User clicks the Edit Icon button of a patient..","service":"Team6_Playwright_Dietician_Hackathon","timestamp":"2026-03-27 12:06:13"}
{"level":"info","message":"User clicks the Edit Icon button of a patient..","service":"Team6_Playwright_Dietician_Hackathon","timestamp":"2026-03-27 12:06:26"}
{"level":"info","message":"User clicks the Edit Icon button of a patient..","service":"Team6_Playwright_Dietician_Hackathon","timestamp":"2026-03-27 12:06:37"}
{"level":"info","message":"User clicks the Edit Icon button of a patient..","service":"Team6_Playwright_Dietician_Hackathon","timestamp":"2026-03-27 12:06:50"}
{"level":"info","message":"User clicks the Edit Icon button of a patient..","service":"Team6_Playwright_Dietician_Hackathon","timestamp":"2026-03-27 12:07:02"}
{"level":"info","message":"User clicks the Edit Icon button of a patient..","service":"Team6_Playwright_Dietician_Hackathon","timestamp":"2026-03-27 12:07:13"}
{"level":"info","message":"User clicks the Edit Icon button of a patient..","service":"Team6_Playwright_Dietician_Hackathon","timestamp":"2026-03-27 12:07:36"}
{"level":"info","message":"User clicks the Edit Icon button of a patient..","service":"Team6_Playwright_Dietician_Hackathon","timestamp":"2026-03-27 12:07:45"}
{"level":"info","message":"User clicks the Edit Icon button of a patient..","service":"Team6_Playwright_Dietician_Hackathon","timestamp":"2026-03-27 12:07:54"}
{"level":"info","message":"User clicks the Edit Icon button of a patient..","service":"Team6_Playwright_Dietician_Hackathon","timestamp":"2026-03-27 12:08:12"}
{"level":"info","message":"User clicks the Edit Icon button of a patient..","service":"Team6_Playwright_Dietician_Hackathon","timestamp":"2026-03-27 12:08:23"}
{"level":"info","message":"User clicks the Edit Icon button of a patient..","service":"Team6_Playwright_Dietician_Hackathon","timestamp":"2026-03-27 12:08:34"}
{"level":"info","message":"User clicks the Edit Icon button of a patient..","service":"Team6_Playwright_Dietician_Hackathon","timestamp":"2026-03-27 12:08:48"}
{"level":"info","message":"User clicks the Edit Icon button of a patient..","service":"Team6_Playwright_Dietician_Hackathon","timestamp":"2026-03-27 12:09:01"}
{"level":"info","message":"User clicks the Edit Icon button of a patient..","service":"Team6_Playwright_Dietician_Hackathon","timestamp":"2026-03-27 12:09:13"}
{"level":"info","message":"User clicks the Edit Icon button of a patient..","service":"Team6_Playwright_Dietician_Hackathon","timestamp":"2026-03-27 12:09:25"}
{"level":"info","message":"User clicks the Edit Icon button of a patient..","service":"Team6_Playwright_Dietician_Hackathon","timestamp":"2026-03-27 12:09:37"}
{"level":"info","message":"User clicks the Edit Icon button of a patient..","service":"Team6_Playwright_Dietician_Hackathon","timestamp":"2026-03-27 12:09:54"}
{"level":"info","message":"User clicks the Edit Icon button of a patient..","service":"Team6_Playwright_Dietician_Hackathon","timestamp":"2026-03-27 12:10:05"}
{"level":"info","message":"User clicks the Edit Icon button of a patient..","service":"Team6_Playwright_Dietician_Hackathon","timestamp":"2026-03-27 12:10:14"}
{"level":"info","message":"User clicks the Edit Icon button of a patient..","service":"Team6_Playwright_Dietician_Hackathon","timestamp":"2026-03-27 12:10:30"}
{"level":"info","message":"User clicks the Edit Icon button of a patient..","service":"Team6_Playwright_Dietician_Hackathon","timestamp":"2026-03-27 12:10:44"}
{"level":"info","message":"User clicks the Edit Icon button of a patient..","service":"Team6_Playwright_Dietician_Hackathon","timestamp":"2026-03-27 12:10:53"}
{"level":"info","message":"User clicks the Edit Icon button of a patient..","service":"Team6_Playwright_Dietician_Hackathon","timestamp":"2026-03-27 12:11:07"}
{"level":"info","message":"User clicks the Edit Icon button of a patient..","service":"Team6_Playwright_Dietician_Hackathon","timestamp":"2026-03-27 12:11:20"}
{"level":"info","message":"User clicks the Edit Icon button of a patient..","service":"Team6_Playwright_Dietician_Hackathon","timestamp":"2026-03-27 12:11:30"}
{"level":"info","message":"User clicks the Edit Icon button of a patient..","service":"Team6_Playwright_Dietician_Hackathon","timestamp":"2026-03-27 12:11:44"}
{"level":"info","message":"User clicks the Edit Icon button of a patient..","service":"Team6_Playwright_Dietician_Hackathon","timestamp":"2026-03-27 12:12:00"}
{"level":"info","message":"User clicks the Edit Icon button of a patient..","service":"Team6_Playwright_Dietician_Hackathon","timestamp":"2026-03-27 12:12:12"}
{"level":"info","message":"User clicks the Edit Icon button of a patient..","service":"Team6_Playwright_Dietician_Hackathon","timestamp":"2026-03-27 12:12:22"}
{"level":"info","message":"The user clicks the delete icon of the top patient in the patient list","service":"Team6_Playwright_Dietician_Hackathon","timestamp":"2026-03-27 12:12:35"}
{"level":"info","message":"The user clicks the delete icon of the top patient in the patient list","service":"Team6_Playwright_Dietician_Hackathon","timestamp":"2026-03-27 12:12:40"}
{"level":"info","message":"The user clicks the delete icon of the top patient in the patient list","service":"Team6_Playwright_Dietician_Hackathon","timestamp":"2026-03-27 12:12:45"}
{"level":"info","message":"The user clicks the delete icon of the top patient in the patient list","service":"Team6_Playwright_Dietician_Hackathon","timestamp":"2026-03-27 12:12:49"}
{"level":"info","message":"The user clicks the delete icon of the top patient in the patient list","service":"Team6_Playwright_Dietician_Hackathon","timestamp":"2026-03-27 12:12:52"}
{"level":"info","message":"The user clicks the delete icon of the top patient in the patient list","service":"Team6_Playwright_Dietician_Hackathon","timestamp":"2026-03-27 12:12:55"}
{"level":"info","message":"The user clicks the delete icon of the top patient in the patient list","service":"Team6_Playwright_Dietician_Hackathon","timestamp":"2026-03-27 12:13:00"}
{"level":"info","message":"The user clicks the delete icon of the top patient in the patient list","service":"Team6_Playwright_Dietician_Hackathon","timestamp":"2026-03-27 12:13:03"}
{"level":"info","message":"Navigated to home page","service":"Team6_Playwright_Dietician_Hackathon","timestamp":"2026-03-27 12:13:04"}
